{
"contracts/BasicNft.sol":{"l":{"14":36,"15":36,"19":12,"20":12,"21":12,"25":0},"path":"/Users/narasimhatejareddy/Desktop/Crypto/v2.0/contracts/BasicNft.sol","s":{"1":36,"2":36,"3":12,"4":12,"5":0},"b":{"1":[12,0]},"f":{"1":36,"2":12,"3":0},"fnMap":{"1":{"name":"constructor","line":13,"loc":{"start":{"line":13,"column":4},"end":{"line":16,"column":4}}},"2":{"name":"mintNFTtoken","line":18,"loc":{"start":{"line":18,"column":4},"end":{"line":22,"column":4}}},"3":{"name":"totalSupply","line":24,"loc":{"start":{"line":24,"column":4},"end":{"line":26,"column":4}}}},"statementMap":{"1":{"start":{"line":14,"column":8},"end":{"line":14,"column":25}},"2":{"start":{"line":15,"column":8},"end":{"line":15,"column":18}},"3":{"start":{"line":19,"column":8},"end":{"line":19,"column":58}},"4":{"start":{"line":20,"column":8},"end":{"line":20,"column":37}},"5":{"start":{"line":25,"column":8},"end":{"line":25,"column":26}}},"branchMap":{"1":{"line":19,"type":"if","locations":[{"start":{"line":19,"column":8},"end":{"line":19,"column":8}},{"start":{"line":19,"column":8},"end":{"line":19,"column":8}}]}}},
"contracts/NFTDutchAuction.sol":{"l":{"25":36,"26":36,"27":36,"28":36,"29":36,"30":36,"31":36,"32":36,"33":36,"34":36,"37":36,"44":8,"45":8,"46":8,"47":8,"48":7,"49":7,"50":7,"51":7,"52":7,"53":7,"54":7,"60":8,"61":0,"62":0,"64":8},"path":"/Users/narasimhatejareddy/Desktop/Crypto/v2.0/contracts/NFTDutchAuction.sol","s":{"1":36,"2":36,"3":36,"4":36,"5":36,"6":36,"7":36,"8":36,"9":36,"10":36,"11":36,"12":8,"13":8,"14":8,"15":8,"16":7,"17":7,"18":7,"19":7,"20":7,"21":7,"22":7,"23":8,"24":0,"25":0,"26":8},"b":{"1":[8,0],"2":[8,0],"3":[7,1],"4":[7,0],"5":[0,8]},"f":{"1":36,"2":8,"3":8},"fnMap":{"1":{"name":"constructor","line":24,"loc":{"start":{"line":24,"column":4},"end":{"line":40,"column":4}}},"2":{"name":"bid","line":42,"loc":{"start":{"line":42,"column":4},"end":{"line":56,"column":4}}},"3":{"name":"updatePrice","line":59,"loc":{"start":{"line":59,"column":4},"end":{"line":65,"column":4}}}},"statementMap":{"1":{"start":{"line":25,"column":8},"end":{"line":25,"column":56}},"2":{"start":{"line":26,"column":8},"end":{"line":26,"column":31}},"3":{"start":{"line":27,"column":8},"end":{"line":27,"column":35}},"4":{"start":{"line":28,"column":8},"end":{"line":28,"column":51}},"5":{"start":{"line":29,"column":8},"end":{"line":29,"column":49}},"6":{"start":{"line":30,"column":8},"end":{"line":30,"column":77}},"7":{"start":{"line":31,"column":8},"end":{"line":31,"column":30}},"8":{"start":{"line":32,"column":8},"end":{"line":32,"column":60}},"9":{"start":{"line":33,"column":8},"end":{"line":33,"column":34}},"10":{"start":{"line":34,"column":8},"end":{"line":34,"column":63}},"11":{"start":{"line":37,"column":8},"end":{"line":37,"column":27}},"12":{"start":{"line":44,"column":8},"end":{"line":44,"column":58}},"13":{"start":{"line":45,"column":8},"end":{"line":45,"column":67}},"14":{"start":{"line":46,"column":8},"end":{"line":46,"column":20}},"15":{"start":{"line":47,"column":8},"end":{"line":47,"column":76}},"16":{"start":{"line":48,"column":8},"end":{"line":48,"column":68}},"17":{"start":{"line":49,"column":8},"end":{"line":49,"column":26}},"18":{"start":{"line":50,"column":8},"end":{"line":50,"column":32}},"19":{"start":{"line":51,"column":8},"end":{"line":51,"column":65}},"20":{"start":{"line":52,"column":8},"end":{"line":52,"column":26}},"21":{"start":{"line":53,"column":8},"end":{"line":53,"column":25}},"22":{"start":{"line":54,"column":8},"end":{"line":54,"column":21}},"23":{"start":{"line":60,"column":8},"end":{"line":60,"column":2038}},"24":{"start":{"line":61,"column":12},"end":{"line":61,"column":30}},"25":{"start":{"line":62,"column":12},"end":{"line":62,"column":18}},"26":{"start":{"line":64,"column":8},"end":{"line":64,"column":86}}},"branchMap":{"1":{"line":44,"type":"if","locations":[{"start":{"line":44,"column":8},"end":{"line":44,"column":8}},{"start":{"line":44,"column":8},"end":{"line":44,"column":8}}]},"2":{"line":45,"type":"if","locations":[{"start":{"line":45,"column":8},"end":{"line":45,"column":8}},{"start":{"line":45,"column":8},"end":{"line":45,"column":8}}]},"3":{"line":47,"type":"if","locations":[{"start":{"line":47,"column":8},"end":{"line":47,"column":8}},{"start":{"line":47,"column":8},"end":{"line":47,"column":8}}]},"4":{"line":48,"type":"if","locations":[{"start":{"line":48,"column":8},"end":{"line":48,"column":8}},{"start":{"line":48,"column":8},"end":{"line":48,"column":8}}]},"5":{"line":60,"type":"if","locations":[{"start":{"line":60,"column":8},"end":{"line":60,"column":8}},{"start":{"line":60,"column":8},"end":{"line":60,"column":8}}]}}}}
