TN:
SF:/Users/narasimhatejareddy/Desktop/Crypto/v2.0/contracts/BasicNft.sol
FN:13,constructor
FN:18,mintNFTtoken
FN:24,totalSupply
FNF:3
FNH:2
FNDA:36,constructor
FNDA:12,mintNFTtoken
FNDA:0,totalSupply
DA:14,36
DA:15,36
DA:19,12
DA:20,12
DA:21,12
DA:25,0
LF:6
LH:5
BRDA:19,1,0,12
BRDA:19,1,1,0
BRF:2
BRH:1
end_of_record
TN:
SF:/Users/narasimhatejareddy/Desktop/Crypto/v2.0/contracts/NFTDutchAuction.sol
FN:24,constructor
FN:42,bid
FN:59,updatePrice
FNF:3
FNH:3
FNDA:36,constructor
FNDA:8,bid
FNDA:8,updatePrice
DA:25,36
DA:26,36
DA:27,36
DA:28,36
DA:29,36
DA:30,36
DA:31,36
DA:32,36
DA:33,36
DA:34,36
DA:37,36
DA:44,8
DA:45,8
DA:46,8
DA:47,8
DA:48,7
DA:49,7
DA:50,7
DA:51,7
DA:52,7
DA:53,7
DA:54,7
DA:60,8
DA:61,0
DA:62,0
DA:64,8
LF:26
LH:24
BRDA:44,1,0,8
BRDA:44,1,1,0
BRDA:45,2,0,8
BRDA:45,2,1,0
BRDA:47,3,0,7
BRDA:47,3,1,1
BRDA:48,4,0,7
BRDA:48,4,1,0
BRDA:60,5,0,0
BRDA:60,5,1,8
BRF:10
BRH:6
end_of_record
